<?xml version="1.0" encoding="UTF-8"?>
<!-- Generated by org.testng.reporters.JUnitXMLReporter -->
<testsuite ignored="3" hostname="DESKTOP-HPJSRES" failures="0" tests="4" name="Testcases" time="8.268" errors="0" timestamp="2020-07-16T17:44:33 IST">
  <testcase classname="testcases.LoginTC" name="login1" time="1.013"/>
  <testcase classname="testcases.LoginTC" name="login" time="3.695"/>
  <testcase classname="testcases.Dictionary" name="dictionatyTestcase" time="0.77"/>
  <testcase classname="testcases.AdminTC" name="admin" time="2.729"/>
  <testcase classname="commonpack.Commonpack" name="@BeforeSuite driverpack" time="0.0">
    <ignored/>
  </testcase> <!-- @BeforeSuite driverpack -->
  <testcase classname="commonpack.Commonpack" name="@BeforeSuite driverpack" time="0.0">
    <ignored/>
  </testcase> <!-- @BeforeSuite driverpack -->
  <testcase classname="commonpack.Commonpack" name="@BeforeSuite driverpack" time="0.0">
    <ignored/>
  </testcase> <!-- @BeforeSuite driverpack -->
</testsuite> <!-- Testcases -->
