<?xml version="1.0" encoding="UTF-8"?>
<testng-results ignored="3" total="7" passed="4" failed="0" skipped="0">
  <reporter-output>
  </reporter-output>
  <suite started-at="2020-07-16T17:44:24 IST" name="Test suite" finished-at="2020-07-16T17:44:33 IST" duration-ms="8268">
    <groups>
    </groups>
    <test started-at="2020-07-16T17:44:24 IST" name="Testcases" finished-at="2020-07-16T17:44:33 IST" duration-ms="8268">
      <class name="testcases.LoginTC">
        <test-method signature="login1()[pri:1, instance:testcases.LoginTC@54c562f7]" started-at="2020-07-16T17:44:24 IST" name="login1" finished-at="2020-07-16T17:44:25 IST" duration-ms="1013" status="PASS">
          <reporter-output>
          </reporter-output>
        </test-method> <!-- login1 -->
        <test-method signature="login()[pri:2, instance:testcases.LoginTC@54c562f7]" started-at="2020-07-16T17:44:25 IST" name="login" finished-at="2020-07-16T17:44:29 IST" duration-ms="3695" status="PASS">
          <reporter-output>
          </reporter-output>
        </test-method> <!-- login -->
      </class> <!-- testcases.LoginTC -->
      <class name="testcases.AdminTC">
        <test-method signature="admin()[pri:0, instance:testcases.AdminTC@6dbb137d]" started-at="2020-07-16T17:44:30 IST" name="admin" finished-at="2020-07-16T17:44:33 IST" duration-ms="2729" status="PASS">
          <reporter-output>
          </reporter-output>
        </test-method> <!-- admin -->
      </class> <!-- testcases.AdminTC -->
      <class name="testcases.Dictionary">
        <test-method signature="dictionatyTestcase()[pri:0, instance:testcases.Dictionary@318ba8c8]" started-at="2020-07-16T17:44:29 IST" name="dictionatyTestcase" finished-at="2020-07-16T17:44:30 IST" duration-ms="770" status="PASS">
          <reporter-output>
          </reporter-output>
        </test-method> <!-- dictionatyTestcase -->
      </class> <!-- testcases.Dictionary -->
      <class name="commonpack.Commonpack">
        <test-method is-config="true" signature="driverpack()[pri:0, instance:commonpack.Commonpack@63a65a25]" started-at="2020-07-16T17:44:13 IST" name="driverpack" finished-at="2020-07-16T17:44:24 IST" duration-ms="10950" status="PASS">
          <reporter-output>
          </reporter-output>
        </test-method> <!-- driverpack -->
      </class> <!-- commonpack.Commonpack -->
    </test> <!-- Testcases -->
  </suite> <!-- Test suite -->
</testng-results>
